\BOOKMARK [0][-]{chapter*.1}{\376\377\000A\000b\000s\000t\000r\000a\000c\000t}{}% 1
\BOOKMARK [0][-]{chapter*.2}{\376\377\000K\000u\000r\000z\000f\000a\000s\000s\000u\000n\000g}{}% 2
\BOOKMARK [0][-]{chapter.1}{\376\377\0001\000\040\000I\000n\000t\000r\000o\000d\000u\000c\000t\000i\000o\000n}{}% 3
\BOOKMARK [0][-]{chapter.2}{\376\377\0002\000\040\000F\000u\000n\000d\000a\000m\000e\000n\000t\000a\000l\000s}{}% 4
\BOOKMARK [1][-]{subsection.2.0.1}{\376\377\0002\000.\0000\000.\0001\000\040\000E\000S\000P\000-\000N\000o\000w\000\040\000v\000s\000\040\000A\000r\000t\000-\000N\000e\000t\000\040\000B\000a\000s\000e\000l\000i\000n\000e}{chapter.2}% 5
\BOOKMARK [0][-]{chapter.3}{\376\377\0003\000\040\000D\000e\000v\000e\000l\000o\000p\000e\000d\000\040\000a\000r\000c\000h\000i\000t\000e\000c\000t\000u\000r\000e\000\040\000/\000\040\000S\000y\000s\000t\000e\000m\000\040\000d\000e\000s\000i\000g\000n\000\040\000/\000\040\000I\000m\000p\000l\000e\000m\000e\000n\000t\000a\000t\000i\000o\000n\000\040\000/\000\040\000.\000.\000.}{}% 6
\BOOKMARK [0][-]{chapter.4}{\376\377\0004\000\040\000C\000o\000n\000c\000l\000u\000s\000i\000o\000n}{}% 7
\BOOKMARK [0][-]{chapter.5}{\376\377\0005\000\040\000G\000u\000i\000d\000e\000l\000i\000n\000e\000s}{}% 8
\BOOKMARK [1][-]{section.5.1}{\376\377\0005\000.\0001\000\040\000T\000y\000p\000e\000s\000e\000t\000t\000i\000n\000g}{chapter.5}% 9
\BOOKMARK [1][-]{section.5.2}{\376\377\0005\000.\0002\000\040\000C\000r\000o\000s\000s\000\040\000R\000e\000f\000e\000r\000e\000n\000c\000e\000s}{chapter.5}% 10
\BOOKMARK [1][-]{section.5.3}{\376\377\0005\000.\0003\000\040\000F\000i\000g\000u\000r\000e\000s}{chapter.5}% 11
\BOOKMARK [1][-]{section.5.4}{\376\377\0005\000.\0004\000\040\000T\000a\000b\000l\000e\000s}{chapter.5}% 12
\BOOKMARK [1][-]{section.5.5}{\376\377\0005\000.\0005\000\040\000M\000a\000t\000h}{chapter.5}% 13
\BOOKMARK [1][-]{section.5.6}{\376\377\0005\000.\0006\000\040\000U\000n\000i\000t\000s}{chapter.5}% 14
\BOOKMARK [1][-]{section.5.7}{\376\377\0005\000.\0007\000\040\000A\000l\000g\000o\000r\000i\000t\000h\000m\000s}{chapter.5}% 15
\BOOKMARK [1][-]{section.5.8}{\376\377\0005\000.\0008\000\040\000T\000y\000p\000e\000s\000e\000t\000t\000i\000n\000g\000\040\000G\000r\000a\000m\000m\000a\000r\000s}{chapter.5}% 16
\BOOKMARK [1][-]{section.5.9}{\376\377\0005\000.\0009\000\040\000P\000r\000o\000g\000r\000a\000m\000\040\000C\000o\000d\000e}{chapter.5}% 17
\BOOKMARK [1][-]{section.5.10}{\376\377\0005\000.\0001\0000\000\040\000R\000e\000f\000e\000r\000e\000n\000c\000e\000s}{chapter.5}% 18
\BOOKMARK [1][-]{section.5.11}{\376\377\0005\000.\0001\0001\000\040\000A\000b\000b\000r\000e\000v\000i\000a\000t\000i\000o\000n\000s}{chapter.5}% 19
\BOOKMARK [1][-]{section.5.12}{\376\377\0005\000.\0001\0002\000\040\000T\000O\000D\000O\000s\000\040\000a\000n\000d\000\040\000F\000I\000X\000M\000E\000s}{chapter.5}% 20
\BOOKMARK [1][-]{section.5.13}{\376\377\0005\000.\0001\0003\000\040\000S\000e\000c\000t\000i\000o\000n\000s}{chapter.5}% 21
\BOOKMARK [1][-]{section.5.14}{\376\377\0005\000.\0001\0004\000\040\000A\000b\000o\000u\000t\000\040\000t\000h\000e\000\040\000r\000e\000m\000a\000i\000n\000d\000e\000r\000\040\000o\000f\000\040\000t\000h\000i\000s\000\040\000d\000o\000c\000u\000m\000e\000n\000t}{chapter.5}% 22
